scrcpy_android/app/build/outputs/mapping/release/seeds.txt
top.saymzx.scrcpy.android.FullScreenActivity
top.saymzx.scrcpy.android.ShowAppActivity
top.saymzx.scrcpy.android.SetActivity
top.saymzx.scrcpy.android.MainActivity
top.saymzx.scrcpy.android.MainActivity: MainActivity()
top.saymzx.scrcpy.android.FullScreenActivity: FullScreenActivity()
top.saymzx.scrcpy.android.SetActivity: SetActivity()
top.saymzx.scrcpy.android.ShowAppActivity: ShowAppActivity()
top.saymzx.scrcpy.android.helper.AppData: AppData()
top.saymzx.scrcpy.android.entity.Device: Device()
...
androidx.lifecycle.EmptyActivityLifecycleCallbacks: void onActivityDestroyed(android.app.Activity)
androidx.vectordrawable.graphics.drawable.VectorDrawableCompat$VGroup: float getPivotX()
androidx.appcompat.widget.SearchView$SearchAutoComplete: SearchView$SearchAutoComplete(android.content.Context,android.util.AttributeSet)
androidx.core.view.WindowInsetsCompat$Impl28: boolean equals(java.lang.Object)
androidx.vectordrawable.graphics.drawable.AnimatedVectorDrawableCompat: AnimatedVectorDrawableCompat()
androidx.core.view.WindowInsetsCompat$BuilderImpl20: android.view.WindowInsets createWindowInsetsInstance()
androidx.core.view.WindowInsetsCompat$BuilderImpl: void setStableInsets(androidx.core.graphics.Insets)
androidx.core.view.ViewCompat$Api28Impl: void setScreenReaderFocusable(android.view.View,boolean)
androidx.core.view.WindowInsetsCompat$Impl: androidx.core.view.WindowInsetsCompat inset(int,int,int,int)
androidx.vectordrawable.graphics.drawable.VectorDrawableCompat$VGroup: float getScaleY()
okio.AsyncTimeout: AsyncTimeout()
androidx.core.view.WindowInsetsCompat$Impl28: int hashCode()
androidx.core.view.ViewCompat$Api17Impl: void setLayerPaint(android.view.View,android.graphics.Paint)
androidx.core.view.WindowInsetsCompat$Impl20: boolean equals(java.lang.Object)
androidx.core.view.WindowInsetsCompat$Impl: boolean isConsumed()
androidx.core.view.ViewCompat$Api21Impl: void setElevation(android.view.View,float)
okhttp3.internal.http2.Http2: Http2()
androidx.core.view.ViewCompat$Api16Impl: void postInvalidateOnAnimation(android.view.View,int,int,int,int)
androidx.core.view.WindowInsetsCompat$Impl20: void setRootViewData(androidx.core.graphics.Insets)
androidx.vectordrawable.graphics.drawable.VectorDrawableCompat$VGroup: float getScaleX()
androidx.core.view.WindowInsetsCompat$Impl: androidx.core.graphics.Insets getSystemWindowInsets()
okhttp3.Response$Builder: Response$Builder()
androidx.core.widget.TextViewCompat$Api23Impl: int getBreakStrategy(android.widget.TextView)
androidx.core.widget.TextViewCompat$Api17Impl: int getLayoutDirection(android.view.View)
androidx.core.view.ViewParentCompat$Api21Impl: boolean onStartNestedScroll(android.view.ViewParent,android.view.View,android.view.View,int)
androidx.core.view.WindowInsetsCompat$Impl20: androidx.core.graphics.Insets getSystemWindowInsets()
androidx.lifecycle.EmptyActivityLifecycleCallbacks: void onActivityResumed(android.app.Activity)
androidx.core.view.ViewCompat$Api30Impl: void setStateDescription(android.view.View,java.lang.CharSequence)
androidx.core.graphics.drawable.IconCompat$Api28Impl: android.net.Uri getUri(java.lang.Object)
androidx.lifecycle.ReportFragment$LifecycleCallbacks: void onActivityPostCreated(android.app.Activity,android.os.Bundle)
kotlinx.coroutines.JobNode: JobNode()
androidx.lifecycle.ReportFragment$LifecycleCallbacks: void onActivityStarted(android.app.Activity)
androidx.core.view.MenuItemCompat$Api26Impl: java.lang.CharSequence getContentDescription(android.view.MenuItem)
androidx.core.widget.PopupWindowCompat$Api23Impl: int getWindowLayoutType(android.widget.PopupWindow)
androidx.core.view.ViewCompat$Api28Impl: void addOnUnhandledKeyEventListener(android.view.View,androidx.core.view.ViewCompat$OnUnhandledKeyEventListenerCompat)
androidx.core.view.MenuItemCompat$Api26Impl: android.view.MenuItem setNumericShortcut(android.view.MenuItem,char,int)
androidx.core.graphics.drawable.DrawableCompat$Api19Impl: boolean isAutoMirrored(android.graphics.drawable.Drawable)
androidx.lifecycle.ReportFragment$LifecycleCallbacks: void onActivityCreated(android.app.Activity,android.os.Bundle)
androidx.vectordrawable.graphics.drawable.VectorDrawableCompat$VFullPath: void setFillAlpha(float)
androidx.core.widget.TextViewCompat$Api17Impl: java.util.Locale getTextLocale(android.widget.TextView)
kotlin.UninitializedPropertyAccessException: UninitializedPropertyAccessException()