scrcpy_android/app/build/outputs/mapping/release/mapping.txt
# compiler: R8
# compiler_version: 4.0.48
# min_api: 23
# common_typos_disable
# {"id":"com.android.tools.r8.mapping","version":"2.1"}
# pg_map_id: d0d178f
# pg_map_hash: SHA-256 d0d178f2171694a23bfead1a7c674d3bde85a2d4d7b2bea8c278590fdc6efe1d
top.saymzx.scrcpy.android.FullScreenActivity -> top.saymzx.scrcpy.android.FullScreenActivity:
    top.saymzx.scrcpy.android.databinding.ActivityFullScreenBinding fullScreenActivity -> e
    int $r8$clinit -> f
    12:41:void top.saymzx.scrcpy.android.helper.PublicTools.setFullScreen(android.app.Activity):0:0 -> onResume
    12:41:void onResume():0 -> onResume
    42:45:void onResume():0:0 -> onResume
top.saymzx.scrcpy.android.FullScreenActivity$$ExternalSyntheticLambda0 -> n0.a:
# {"id":"sourceFile","fileName":"R8$$SyntheticClass"}
# {"id":"com.android.tools.r8.synthesized"}
    int top.saymzx.scrcpy.android.FullScreenActivity$$InternalSyntheticLambda$1$e69a504fb36ed533d81ac5785e657801b2a948eb91a945f0d2692e84f745c717$0.$r8$classId -> e
    top.saymzx.scrcpy.android.FullScreenActivity top.saymzx.scrcpy.android.FullScreenActivity$$InternalSyntheticLambda$1$e69a504fb36ed533d81ac5785e657801b2a948eb91a945f0d2692e84f745c717$0.f$0 -> f
    0:65535:void top.saymzx.scrcpy.android.FullScreenActivity$$InternalSyntheticLambda$1$e69a504fb36ed533d81ac5785e657801b2a948eb91a945f0d2692e84f745c717$0.<init>(top.saymzx.scrcpy.android.FullScreenActivity):0:0 -> <init>
    0:65535:void top.saymzx.scrcpy.android.FullScreenActivity$$InternalSyntheticLambda$1$e69a504fb36ed533d81ac5785e657801b2a948eb91a945f0d2692e84f745c717$0.$r8$init$synthetic(java.lang.Object,int):0 -> <init>
      # {"id":"com.android.tools.r8.synthesized"}
    15:18:void top.saymzx.scrcpy.android.helper.DeviceListAdapter.getView$lambda$8$lambda$1(android.app.AlertDialog,android.view.View):0:0 -> onClick
    15:18:void top.saymzx.scrcpy.android.FullScreenActivity$$InternalSyntheticLambda$1$e69a504fb36ed533d81ac5785e657801b2a948eb91a945f0d2692e84f745c717$0.onClick$bridge(android.view.View):0 -> onClick
      # {"id":"com.android.tools.r8.synthesized"}
top.saymzx.scrcpy.android.FullScreenActivity$onCreate$runnable$1 -> top.saymzx.scrcpy.android.a:
    android.os.Handler $handler -> f
    top.saymzx.scrcpy.android.FullScreenActivity this$0 -> e
top.saymzx.scrcpy.android.MainActivity -> top.saymzx.scrcpy.android.MainActivity:
    top.saymzx.scrcpy.android.databinding.ActivityMainBinding mainActivity -> e
    int $r8$clinit -> h
    androidx.lifecycle.ViewModelStore VIEWMODEL_STORE -> g
    boolean startDefault -> f
    androidx.lifecycle.ViewModelStore getViewModelStore() -> a
    3:52:void setSlaveAdbPort$lambda$4(top.saymzx.scrcpy.android.databinding.EditPortBinding,android.app.AlertDialog,top.saymzx.scrcpy.android.MainActivity,android.view.View):0:0 -> b
    3:52:void $r8$lambda$g4mOYmtaNdqOu55q2jD4C6uv2T0(top.saymzx.scrcpy.android.databinding.EditPortBinding,android.app.AlertDialog,top.saymzx.scrcpy.android.MainActivity,android.view.View):0 -> b
      # {"id":"com.android.tools.r8.synthesized"}
    53:70:void slaveBack():0:0 -> b
    53:70:void setSlaveAdbPort$lambda$4(top.saymzx.scrcpy.android.databinding.EditPortBinding,android.app.AlertDialog,top.saymzx.scrcpy.android.MainActivity,android.view.View):0 -> b
    53:70:void $r8$lambda$g4mOYmtaNdqOu55q2jD4C6uv2T0(top.saymzx.scrcpy.android.databinding.EditPortBinding,android.app.AlertDialog,top.saymzx.scrcpy.android.MainActivity,android.view.View):0 -> b
      # {"id":"com.android.tools.r8.synthesized"}
    20:77:boolean checkPermission():0:0 -> c
    20:77:void asMaster():0 -> c
    20:77:void readMode():0 -> c
    78:101:void setDevicesList():0:0 -> c
    78:101:void asMaster():0 -> c
    78:101:void readMode():0 -> c
...
androidx.constraintlayout.core.widgets.WidgetContainer -> n.m:
    java.util.ArrayList mChildren -> r0
    void layout() -> I0
    void reset() -> Z
    void resetSolverVariables(androidx.constraintlayout.core.Cache) -> b0
androidx.constraintlayout.core.widgets.analyzer.BaselineDimensionDependency -> o.a:
androidx.constraintlayout.core.widgets.analyzer.BasicMeasure -> o.d:
    androidx.constraintlayout.core.widgets.analyzer.BasicMeasure$Measure mMeasure -> b
    androidx.constraintlayout.core.widgets.ConstraintWidgetContainer constraintWidgetContainer -> c
    java.util.ArrayList mVariableDimensionsWidgets -> a
    3:5:androidx.constraintlayout.core.widgets.ConstraintWidget$DimensionBehaviour androidx.constraintlayout.core.widgets.ConstraintWidget.getHorizontalDimensionBehaviour():0:0 -> a
    3:5:boolean measure(androidx.constraintlayout.core.widgets.analyzer.BasicMeasure$Measurer,androidx.constraintlayout.core.widgets.ConstraintWidget,int):0 -> a
      # {"id":"com.android.tools.r8.rewriteFrame","conditions":["throws(Ljava/lang/NullPointerException;)"],"actions":["removeInnerFrames(1)"]}
    6:7:androidx.constraintlayout.core.widgets.ConstraintWidget$DimensionBehaviour androidx.constraintlayout.core.widgets.ConstraintWidget.getHorizontalDimensionBehaviour():0:0 -> a
    6:7:boolean measure(androidx.constraintlayout.core.widgets.analyzer.BasicMeasure$Measurer,androidx.constraintlayout.core.widgets.ConstraintWidget,int):0 -> a
    8:10:boolean measure(androidx.constraintlayout.core.widgets.analyzer.BasicMeasure$Measurer,androidx.constraintlayout.core.widgets.ConstraintWidget,int):0:0 -> a
    11:12:androidx.constraintlayout.core.widgets.ConstraintWidget$DimensionBehaviour androidx.constraintlayout.core.widgets.ConstraintWidget.getVerticalDimensionBehaviour():0:0 -> a
androidx.constraintlayout.core.widgets.analyzer.BasicMeasure$Measure -> o.b:
    boolean measuredNeedsSolverPass -> i
    int measureStrategy -> j
    int measuredHeight -> f
    int measuredBaseline -> g
    int verticalDimension -> d
    int measuredWidth -> e
    boolean measuredHasBaseline -> h
    int horizontalDimension -> c
    androidx.constraintlayout.core.widgets.ConstraintWidget$DimensionBehaviour verticalBehavior -> b
    androidx.constraintlayout.core.widgets.ConstraintWidget$DimensionBehaviour horizontalBehavior -> a
androidx.constraintlayout.core.widgets.analyzer.BasicMeasure$Measurer -> o.c:
    void measure(androidx.constraintlayout.core.widgets.ConstraintWidget,androidx.constraintlayout.core.widgets.analyzer.BasicMeasure$Measure) -> a
    void didMeasures() -> b