scrcpy_android/app/build/outputs/mapping/release/usage.txt
top.saymzx.scrcpy.android.BuildConfig
top.saymzx.scrcpy.android.MainActivity$Companion:
    public final androidx.lifecycle.ViewModelStore getVIEWMODEL_STORE()
    public final void setVIEWMODEL_STORE(androidx.lifecycle.ViewModelStore)
top.saymzx.scrcpy.android.MainActivity:
    public static final synthetic androidx.lifecycle.ViewModelStore access$getVIEWMODEL_STORE$cp()
    public static final synthetic void access$setVIEWMODEL_STORE$cp(androidx.lifecycle.ViewModelStore)
top.saymzx.scrcpy.android.R$array
top.saymzx.scrcpy.android.R$color
top.saymzx.scrcpy.android.R$dimen
top.saymzx.scrcpy.android.R$drawable
top.saymzx.scrcpy.android.R$id
top.saymzx.scrcpy.android.R$layout
top.saymzx.scrcpy.android.R$raw
top.saymzx.scrcpy.android.R
top.saymzx.scrcpy.android.databinding.ActivityFullScreenBinding:
    public synthetic bridge android.view.View getRoot()
top.saymzx.scrcpy.android.databinding.ActivityMainBinding:
    public synthetic bridge android.view.View getRoot()
top.saymzx.scrcpy.android.databinding.ActivitySetBinding:
    public synthetic bridge android.view.View getRoot()
top.saymzx.scrcpy.android.databinding.ActivityShowAppBinding:
    public synthetic bridge android.view.View getRoot()
top.saymzx.scrcpy.android.databinding.AddDeviceBinding:
    public synthetic bridge android.view.View getRoot()
top.saymzx.scrcpy.android.databinding.DevicesItemBinding:
    public synthetic bridge android.view.View getRoot()
top.saymzx.scrcpy.android.databinding.EditPortBinding:
    public synthetic bridge android.view.View getRoot()
top.saymzx.scrcpy.android.databinding.FloatNavBinding:
    public synthetic bridge android.view.View getRoot()
top.saymzx.scrcpy.android.databinding.FloatVideoBinding:
    public synthetic bridge android.view.View getRoot()
top.saymzx.scrcpy.android.databinding.LoadingBinding:
    public synthetic bridge android.view.View getRoot()
top.saymzx.scrcpy.android.databinding.ModeSelectBinding:
    public synthetic bridge android.view.View getRoot()
top.saymzx.scrcpy.android.databinding.SetDeviceBinding:
    public synthetic bridge android.view.View getRoot()
top.saymzx.scrcpy.android.databinding.SpinnerItemBinding
top.saymzx.scrcpy.android.entity.Device:
    public final void setAddress(java.lang.String)
    public final void setAudioCodec(java.lang.String)
    public final void setFps(int)
    public final void setMaxSize(int)
    public final void setName(java.lang.String)
    public final void setPort(int)
    public final void setSetResolution(boolean)
    public final void setVideoBit(int)
    public final void setVideoCodec(java.lang.String)
top.saymzx.scrcpy.android.entity.FloatVideo:
    public final kotlin.jvm.functions.Function1 getTouchHandle()
    public final void setRemoteVideoHeight(int)
    public final void setRemoteVideoWidth(int)
top.saymzx.scrcpy.android.entity.Scrcpy$checkScreenOff$1
top.saymzx.scrcpy.android.entity.Scrcpy$setAudioDecodec$1
top.saymzx.scrcpy.android.entity.Scrcpy$setAudioDecodec$2
top.saymzx.scrcpy.android.entity.Scrcpy$setAudioDecodec$can$1
top.saymzx.scrcpy.android.entity.Scrcpy:
    private boolean isCheckScreening
    public static final synthetic top.saymzx.scrcpy.adb.AdbStream access$getAudioStream$p(top.saymzx.scrcpy.android.entity.Scrcpy)
    public static final synthetic java.lang.Object access$setAudioDecodec(top.saymzx.scrcpy.android.entity.Scrcpy,kotlin.coroutines.Continuation)
    public static final synthetic void access$setCheckScreening$p(top.saymzx.scrcpy.android.entity.Scrcpy,boolean)
    private final void checkClipBoard()
    private final void checkScreenOff()
    private final void controlInputThread()
    private final void controlOutputThread()
    private final void decodeAudioOutputThread()
    private final java.lang.Object setAudioDecodec(kotlin.coroutines.Continuation)
    private final void setAudioTrack()
    private final void setClipBoard(java.lang.String)
...
androidx.constraintlayout.motion.utils.ViewState
androidx.constraintlayout.motion.utils.ViewTimeCycle$AlphaSet
androidx.constraintlayout.motion.utils.ViewTimeCycle$CustomSet
androidx.constraintlayout.motion.utils.ViewTimeCycle$ElevationSet
androidx.constraintlayout.motion.utils.ViewTimeCycle$PathRotate
androidx.constraintlayout.motion.utils.ViewTimeCycle$ProgressSet
androidx.constraintlayout.motion.utils.ViewTimeCycle$RotationSet
androidx.constraintlayout.motion.utils.ViewTimeCycle$RotationXset
androidx.constraintlayout.motion.utils.ViewTimeCycle$RotationYset
androidx.constraintlayout.motion.utils.ViewTimeCycle$ScaleXset
androidx.constraintlayout.motion.utils.ViewTimeCycle$ScaleYset
androidx.constraintlayout.motion.utils.ViewTimeCycle$TranslationXset
androidx.constraintlayout.motion.utils.ViewTimeCycle$TranslationYset
androidx.constraintlayout.motion.utils.ViewTimeCycle$TranslationZset
androidx.constraintlayout.motion.utils.ViewTimeCycle
androidx.constraintlayout.motion.widget.Animatable
androidx.constraintlayout.motion.widget.CustomFloatAttributes
androidx.constraintlayout.motion.widget.Debug:
    public void <init>()
    public static void dumpLayoutParams(android.view.ViewGroup$LayoutParams,java.lang.String)
    public static void dumpLayoutParams(android.view.ViewGroup,java.lang.String)
    public static void dumpPoc(java.lang.Object)
    public static java.lang.String getActionType(android.view.MotionEvent)
    public static java.lang.String getCallFrom(int)
    public static java.lang.String getLoc()
    public static java.lang.String getLocation()
    public static java.lang.String getLocation2()
    public static java.lang.String getName(android.content.Context,int)
    public static java.lang.String getName(android.content.Context,int[])
    public static java.lang.String getState(androidx.constraintlayout.motion.widget.MotionLayout,int)
    public static java.lang.String getState(androidx.constraintlayout.motion.widget.MotionLayout,int,int)
    public static void logStack(java.lang.String,java.lang.String,int)
    public static void printStack(java.lang.String,int)
androidx.constraintlayout.motion.widget.DesignTool
androidx.constraintlayout.motion.widget.FloatLayout
androidx.constraintlayout.motion.widget.Key
androidx.constraintlayout.motion.widget.KeyAttributes$Loader
androidx.constraintlayout.motion.widget.KeyAttributes
androidx.constraintlayout.motion.widget.KeyCycle$Loader
androidx.constraintlayout.motion.widget.KeyCycle
androidx.constraintlayout.motion.widget.KeyFrames
androidx.constraintlayout.motion.widget.KeyPosition$Loader
androidx.constraintlayout.motion.widget.KeyPosition
androidx.constraintlayout.motion.widget.KeyPositionBase
androidx.constraintlayout.motion.widget.KeyTimeCycle$Loader
androidx.constraintlayout.motion.widget.KeyTimeCycle
androidx.constraintlayout.motion.widget.KeyTrigger$Loader
androidx.constraintlayout.motion.widget.KeyTrigger
androidx.constraintlayout.motion.widget.MotionConstrainedPoint
androidx.constraintlayout.motion.widget.MotionController$1
androidx.constraintlayout.motion.widget.MotionController
androidx.constraintlayout.motion.widget.MotionHelper
androidx.constraintlayout.motion.widget.MotionHelperInterface
androidx.constraintlayout.motion.widget.MotionInterpolator
androidx.constraintlayout.motion.widget.MotionLayout$1
androidx.constraintlayout.motion.widget.MotionLayout$2
androidx.constraintlayout.motion.widget.MotionLayout$3
androidx.constraintlayout.motion.widget.MotionLayout$4
androidx.constraintlayout.motion.widget.MotionLayout$5
androidx.constraintlayout.motion.widget.MotionLayout$DecelerateInterpolator
androidx.constraintlayout.motion.widget.MotionLayout$DevModeDraw
androidx.constraintlayout.motion.widget.MotionLayout$Model
androidx.constraintlayout.motion.widget.MotionLayout$MotionTracker
androidx.constraintlayout.motion.widget.MotionLayout$MyTracker
androidx.constraintlayout.motion.widget.MotionLayout$StateCache